"../../../../../../college/Proj/error test/Swap Final/College_Projectnewwww/College_Project/Content/StoryAdvTemplate/Textures/UserInterface/T_Button_A.uasset" 0
"../../../../../../college/Proj/error test/Swap Final/College_Projectnewwww/College_Project/Content/StoryAdvTemplate/Textures/UserInterface/T_Button_B.uasset" 1
"../../../../../../college/Proj/error test/Swap Final/College_Projectnewwww/College_Project/Content/StoryAdvTemplate/Textures/UserInterface/T_Button_SpecialRight.uasset" 2
"../../../../../../college/Proj/error test/Swap Final/College_Projectnewwww/College_Project/Content/StoryAdvTemplate/Textures/UserInterface/T_Button_Y.uasset" 3
"../../../../../../college/Proj/error test/Swap Final/College_Projectnewwww/College_Project/Content/StoryAdvTemplate/Textures/UserInterface/T_DPad_Left.uasset" 4
"../../../../../../college/Proj/error test/Swap Final/College_Projectnewwww/College_Project/Content/StoryAdvTemplate/Textures/UserInterface/T_DPad_Right.uasset" 5
"../../../../../../college/Proj/error test/Swap Final/College_Projectnewwww/College_Project/Content/StoryAdvTemplate/Textures/UserInterface/T_LB_Button.uasset" 6
"../../../../../../college/Proj/error test/Swap Final/College_Projectnewwww/College_Project/Content/StoryAdvTemplate/Textures/UserInterface/T_LeftThumbstickAxis.uasset" 7
"../../../../../../college/Proj/error test/Swap Final/College_Projectnewwww/College_Project/Content/StoryAdvTemplate/Textures/UserInterface/T_RB_Button.uasset" 8
"../../../../../../college/Proj/error test/Swap Final/College_Projectnewwww/College_Project/Content/Ui/MainMenu/NewMediaPlayer.uasset" 9
"../../../../../../college/Proj/error test/Swap Final/College_Projectnewwww/College_Project/Content/Ui/MainMenu/NewMediaPlayer_Video.uasset" 10
"../../../../../../college/Proj/error test/Swap Final/College_Projectnewwww/College_Project/Content/Ui/MainMenu/NewMediaPlayer_Video_Mat.uasset" 11
"../../../../../../college/Proj/error test/Swap Final/College_Projectnewwww/College_Project/Content/Ui/LoadingScreen/loading.uasset" 12
"../../../../../../college/Proj/error test/Swap Final/College_Projectnewwww/College_Project/Content/Ui/LoadingScreen/LoadingScreenWidget.uasset" 13
"../../../../../../college/Proj/error test/Swap Final/College_Projectnewwww/College_Project/Content/Ui/MainMenu/MainMenu.uasset" 14
"../../../../../../college/Proj/error test/Swap Final/College_Projectnewwww/College_Project/Content/Ui/MainMenu.uasset" 15
"../../../../../../college/Proj/error test/Swap Final/College_Projectnewwww/College_Project/Content/StoryAdvTemplate/Mesh/Mannequin/UE4_Mannequin_Skeleton.uasset" 16
"../../../../../../college/Proj/error test/Swap Final/College_Projectnewwww/College_Project/Content/StoryAdvTemplate/Animations/ThirdPerson_HoldFlashlight.uasset" 17
"../../../../../../college/Proj/error test/Swap Final/College_Projectnewwww/College_Project/Content/StoryAdvTemplate/Animations/ThirdPerson_Flashlight_AnimMontage.uasset" 18
"../../../../../../college/Proj/error test/Swap Final/College_Projectnewwww/College_Project/Content/StoryAdvTemplate/Animations/ThirdPerson_Jump.uasset" 19
"../../../../../../college/Proj/error test/Swap Final/College_Projectnewwww/College_Project/Content/StoryAdvTemplate/Animations/ThirdPersonJump_Loop.uasset" 20
"../../../../../../college/Proj/error test/Swap Final/College_Projectnewwww/College_Project/Content/StoryAdvTemplate/Animations/ThirdPersonJump_Start.uasset" 21
"../../../../../../college/Proj/error test/Swap Final/College_Projectnewwww/College_Project/Content/StoryAdvTemplate/Animations/ThirdPersonIdle.uasset" 22
"../../../../../../college/Proj/error test/Swap Final/College_Projectnewwww/College_Project/Content/StoryAdvTemplate/Animations/ThirdPersonRun.uasset" 23
"../../../../../../college/Proj/error test/Swap Final/College_Projectnewwww/College_Project/Content/StoryAdvTemplate/Animations/ThirdPersonWalk.uasset" 24
"../../../../../../college/Proj/error test/Swap Final/College_Projectnewwww/College_Project/Content/StoryAdvTemplate/Animations/ThirdPerson_IdleRun_2D.uasset" 25
"../../../Engine/Content/EditorBlueprintResources/StandardMacros.uasset" 26
"../../../../../../college/Proj/error test/Swap Final/College_Projectnewwww/College_Project/Content/StoryAdvTemplate/Blueprints/Core/BP_StoryAdv_MacroLibrary.uasset" 27
"../../../../../../college/Proj/error test/Swap Final/College_Projectnewwww/College_Project/Content/StoryAdvTemplate/Textures/T_Flashlight_BC.uasset" 28
"../../../../../../college/Proj/error test/Swap Final/College_Projectnewwww/College_Project/Content/StoryAdvTemplate/Materials/M_Flashlight.uasset" 29
"../../../../../../college/Proj/error test/Swap Final/College_Projectnewwww/College_Project/Content/StoryAdvTemplate/IES/IES_Flashlight.uasset" 30
"../../../../../../college/Proj/error test/Swap Final/College_Projectnewwww/College_Project/Content/StoryAdvTemplate/Mesh/SM_Flashlight.uasset" 31
"../../../../../../college/Proj/error test/Swap Final/College_Projectnewwww/College_Project/Content/StoryAdvTemplate/Blueprints/Core/BP_FlashlightInHand.uasset" 32
"../../../../../../college/Proj/error test/Swap Final/College_Projectnewwww/College_Project/Content/StoryAdvTemplate/Blueprints/Core/BP_GameInstance.uasset" 33
"../../../../../../college/Proj/error test/Swap Final/College_Projectnewwww/College_Project/Content/StoryAdvTemplate/Blueprints/Settings/BP_StoryAdv_Settings.uasset" 34
"../../../Engine/Content/Functions/Engine_MaterialFunctions02/Utility/Swizzle.uasset" 35
"../../../../../../college/Proj/error test/Swap Final/College_Projectnewwww/College_Project/Content/StoryAdvTemplate/Textures/T_Anisotrophic_M.uasset" 36
"../../../../../../college/Proj/error test/Swap Final/College_Projectnewwww/College_Project/Content/StoryAdvTemplate/Textures/T_Anisotrophic_N.uasset" 37
"../../../../../../college/Proj/error test/Swap Final/College_Projectnewwww/College_Project/Content/StoryAdvTemplate/Textures/T_DeskLamp_N.uasset" 38
"../../../../../../college/Proj/error test/Swap Final/College_Projectnewwww/College_Project/Content/StoryAdvTemplate/Materials/M_DeskLamp.uasset" 39
"../../../../../../college/Proj/error test/Swap Final/College_Projectnewwww/College_Project/Content/StoryAdvTemplate/Textures/T_FloorLamp_AO.uasset" 40
"../../../../../../college/Proj/error test/Swap Final/College_Projectnewwww/College_Project/Content/StoryAdvTemplate/Textures/T_FloorLamp_M.uasset" 41
"../../../../../../college/Proj/error test/Swap Final/College_Projectnewwww/College_Project/Content/StoryAdvTemplate/Textures/T_FloorLamp_N.uasset" 42
"../../../../../../college/Proj/error test/Swap Final/College_Projectnewwww/College_Project/Content/StoryAdvTemplate/Materials/M_FloorLamp.uasset" 43
"../../../../../../college/Proj/error test/Swap Final/College_Projectnewwww/College_Project/Content/StoryAdvTemplate/Mesh/SM_DeskLamp.uasset" 44
"../../../../../../college/Proj/error test/Swap Final/College_Projectnewwww/College_Project/Content/StoryAdvTemplate/Blueprints/Core/GameMenu/BP_FullscreenInventoryItem.uasset" 45
"../../../../../../college/Proj/error test/Swap Final/College_Projectnewwww/College_Project/Content/StoryAdvTemplate/Blueprints/MasterBlueprints/UseActions/BP_UseAction_Master.uasset" 46
"../../../../../../college/Proj/error test/Swap Final/College_Projectnewwww/College_Project/Content/StoryAdvTemplate/Blueprints/Data/LetterTypes_Enum.uasset" 47
"../../../../../../college/Proj/error test/Swap Final/College_Projectnewwww/College_Project/Content/StoryAdvTemplate/Blueprints/Data/Structures/BP_SimpleLetterData.uasset" 48
"../../../../../../college/Proj/error test/Swap Final/College_Projectnewwww/College_Project/Content/StoryAdvTemplate/Blueprints/Data/Structures/BP_UIFontLetterData.uasset" 49
"../../../../../../college/Proj/error test/Swap Final/College_Projectnewwww/College_Project/Content/StoryAdvTemplate/Blueprints/Data/Structures/BP_InventoryItem.uasset" 50
"../../../../../../college/Proj/error test/Swap Final/College_Projectnewwww/College_Project/Content/StoryAdvTemplate/Blueprints/Data/Structures/BP_JournalEntry.uasset" 51
"../../../../../../college/Proj/error test/Swap Final/College_Projectnewwww/College_Project/Content/StoryAdvTemplate/Blueprints/Data/Structures/BP_ClueData.uasset" 52
"../../../../../../college/Proj/error test/Swap Final/College_Projectnewwww/College_Project/Content/StoryAdvTemplate/UserInterface/Menu/UI_FullscreenInventory.uasset" 53
"../../../../../../college/Proj/error test/Swap Final/College_Projectnewwww/College_Project/Content/StoryAdvTemplate/Blueprints/Core/GameMenu/BP_FullscreenInventoryItem_Clue.uasset" 54
"../../../../../../college/Proj/error test/Swap Final/College_Projectnewwww/College_Project/Content/StoryAdvTemplate/Fonts/Font_FoxedInn-Regular.uasset" 55
"../../../../../../college/Proj/error test/Swap Final/College_Projectnewwww/College_Project/Content/StoryAdvTemplate/Fonts/FontFace_FoxedInn-Regular.uasset" 56
"../../../../../../college/Proj/error test/Swap Final/College_Projectnewwww/College_Project/Content/StoryAdvTemplate/UserInterface/UI_LetterText.uasset" 57
"../../../../../../college/Proj/error test/Swap Final/College_Projectnewwww/College_Project/Content/StoryAdvTemplate/Textures/T_Circle.uasset" 58
"../../../../../../college/Proj/error test/Swap Final/College_Projectnewwww/College_Project/Content/StoryAdvTemplate/Textures/T_Dot.uasset" 59
"../../../../../../college/Proj/error test/Swap Final/College_Projectnewwww/College_Project/Content/StoryAdvTemplate/UserInterface/UI_HUD.uasset" 60
"../../../../../../college/Proj/error test/Swap Final/College_Projectnewwww/College_Project/Content/StoryAdvTemplate/Textures/T_LetterBlank_BC.uasset" 61
"../../../../../../college/Proj/error test/Swap Final/College_Projectnewwww/College_Project/Content/StoryAdvTemplate/Materials/M_LetterBlank.uasset" 62
"../../../Engine/Content/Functions/Engine_MaterialFunctions03/Texturing/TwoSidedTexturing.uasset" 63
"../../../../../../college/Proj/error test/Swap Final/College_Projectnewwww/College_Project/Content/StoryAdvTemplate/Textures/T_Letter_BC.uasset" 64
"../../../../../../college/Proj/error test/Swap Final/College_Projectnewwww/College_Project/Content/StoryAdvTemplate/Materials/M_Letter.uasset" 65
"../../../../../../college/Proj/error test/Swap Final/College_Projectnewwww/College_Project/Content/StoryAdvTemplate/Mesh/SM_Letter.uasset" 66
"../../../../../../college/Proj/error test/Swap Final/College_Projectnewwww/College_Project/Content/StoryAdvTemplate/Blueprints/Core/GameMenu/BP_FullscreenInventoryLetter.uasset" 67
"../../../../../../college/Proj/error test/Swap Final/College_Projectnewwww/College_Project/Content/StoryAdvTemplate/Blueprints/Core/GameMenu/EMenuSection.uasset" 68
"../../../../../../college/Proj/error test/Swap Final/College_Projectnewwww/College_Project/Content/StoryAdvTemplate/UserInterface/Menu/UI_GameMenu.uasset" 69
"../../../../../../college/Proj/error test/Swap Final/College_Projectnewwww/College_Project/Content/StoryAdvTemplate/Textures/UserInterface/T_DPad_X.uasset" 70
"../../../../../../college/Proj/error test/Swap Final/College_Projectnewwww/College_Project/Content/StoryAdvTemplate/UserInterface/Menu/UI_JournalEntry.uasset" 71
"../../../../../../college/Proj/error test/Swap Final/College_Projectnewwww/College_Project/Content/StoryAdvTemplate/UserInterface/Menu/UI_Journal.uasset" 72
"../../../../../../college/Proj/error test/Swap Final/College_Projectnewwww/College_Project/Content/StoryAdvTemplate/Blueprints/Data/Structures/BP_UI_Key_Icon.uasset" 73
"../../../../../../college/Proj/error test/Swap Final/College_Projectnewwww/College_Project/Content/StoryAdvTemplate/Blueprints/Settings/BP_UserInterfaceIcons.uasset" 74
"../../../../../../college/Proj/error test/Swap Final/College_Projectnewwww/College_Project/Content/StoryAdvTemplate/Textures/UserInterface/T_AKey.uasset" 75
"../../../../../../college/Proj/error test/Swap Final/College_Projectnewwww/College_Project/Content/StoryAdvTemplate/Textures/UserInterface/T_BKey.uasset" 76
"../../../../../../college/Proj/error test/Swap Final/College_Projectnewwww/College_Project/Content/StoryAdvTemplate/Textures/UserInterface/T_DKey.uasset" 77
"../../../../../../college/Proj/error test/Swap Final/College_Projectnewwww/College_Project/Content/StoryAdvTemplate/Textures/UserInterface/T_EKey.uasset" 78
"../../../../../../college/Proj/error test/Swap Final/College_Projectnewwww/College_Project/Content/StoryAdvTemplate/Textures/UserInterface/T_EscapeKey.uasset" 79
"../../../../../../college/Proj/error test/Swap Final/College_Projectnewwww/College_Project/Content/StoryAdvTemplate/Textures/UserInterface/T_FKey.uasset" 80
"../../../../../../college/Proj/error test/Swap Final/College_Projectnewwww/College_Project/Content/StoryAdvTemplate/Textures/UserInterface/T_GKey.uasset" 81
"../../../../../../college/Proj/error test/Swap Final/College_Projectnewwww/College_Project/Content/StoryAdvTemplate/Textures/UserInterface/T_MouseAxis.uasset" 82
"../../../../../../college/Proj/error test/Swap Final/College_Projectnewwww/College_Project/Content/StoryAdvTemplate/Textures/UserInterface/T_QKey.uasset" 83
"../../../../../../college/Proj/error test/Swap Final/College_Projectnewwww/College_Project/Content/StoryAdvTemplate/UserInterface/Menu/UI_MenuRibbon.uasset" 84
"../../../../../../college/Proj/error test/Swap Final/College_Projectnewwww/College_Project/Content/StoryAdvTemplate/Blueprints/Core/GameMenu/BP_MenuPawn.uasset" 85
"../../../../../../college/Proj/error test/Swap Final/College_Projectnewwww/College_Project/Content/StoryAdvTemplate/Blueprints/Core/Save/BP_SaveGame.uasset" 86
"../../../../../../college/Proj/error test/Swap Final/College_Projectnewwww/College_Project/Content/StoryAdvTemplate/Blueprints/MasterBlueprints/BP_Master_InteractableObject.uasset" 87
"../../../../../../college/Proj/error test/Swap Final/College_Projectnewwww/College_Project/Content/StoryAdvTemplate/Blueprints/MasterBlueprints/Doors/BP_Master_Door.uasset" 88
"../../../../../../college/Proj/error test/Swap Final/College_Projectnewwww/College_Project/Content/StoryAdvTemplate/Materials/M_WhiteBox.uasset" 89
"../../../../../../college/Proj/error test/Swap Final/College_Projectnewwww/College_Project/Content/StoryAdvTemplate/Mesh/SM_Door.uasset" 90
"../../../../../../college/Proj/error test/Swap Final/College_Projectnewwww/College_Project/Content/StoryAdvTemplate/Mesh/SM_DoorFrame.uasset" 91
"../../../../../../college/Proj/error test/Swap Final/College_Projectnewwww/College_Project/Content/StoryAdvTemplate/Blueprints/MasterBlueprints/Doors/BP_Master_SimpleDoor.uasset" 92
"../../../../../../college/Proj/error test/Swap Final/College_Projectnewwww/College_Project/Content/StoryAdvTemplate/Blueprints/Core/BP_StoryAdv_FunctionLibrary.uasset" 93
"../../../../../../college/Proj/error test/Swap Final/College_Projectnewwww/College_Project/Content/StoryAdvTemplate/Blueprints/MasterBlueprints/Inspection/BP_Master_CollectableObject_Clue.uasset" 94
"../../../../../../college/Proj/error test/Swap Final/College_Projectnewwww/College_Project/Content/StoryAdvTemplate/Blueprints/MasterBlueprints/Inspection/BP_Master_InspectableObject_Clue.uasset" 95
"../../../../../../college/Proj/error test/Swap Final/College_Projectnewwww/College_Project/Content/StoryAdvTemplate/Blueprints/MasterBlueprints/Trigger/BP_Master_Trigger.uasset" 96
"../../../../../../college/Proj/error test/Swap Final/College_Projectnewwww/College_Project/Content/StoryAdvTemplate/Blueprints/Data/StreamingLevels.uasset" 97
"../../../../../../college/Proj/error test/Swap Final/College_Projectnewwww/College_Project/Content/StoryAdvTemplate/Blueprints/BP_GameController.uasset" 98
"../../../../../../college/Proj/error test/Swap Final/College_Projectnewwww/College_Project/Content/StoryAdvTemplate/Animations/ThirdPerson_AnimBP.uasset" 99
"../../../Engine/Content/Functions/Engine_MaterialFunctions02/Utility/BlendAngleCorrectedNormals.uasset" 100
"../../../Engine/Content/Functions/MaterialLayerFunctions/MatLayerBlend_NormalBlend.uasset" 101
"../../../Engine/Content/Functions/MaterialLayerFunctions/MatLayerBlend_Simple.uasset" 102
"../../../../../../college/Proj/error test/Swap Final/College_Projectnewwww/College_Project/Content/StoryAdvTemplate/Textures/T_ML_Rubber_Blue_01_D.uasset" 103
"../../../../../../college/Proj/error test/Swap Final/College_Projectnewwww/College_Project/Content/StoryAdvTemplate/Textures/T_ML_Rubber_Blue_01_N.uasset" 104
"../../../../../../college/Proj/error test/Swap Final/College_Projectnewwww/College_Project/Content/StoryAdvTemplate/Materials/Mannequin/ML_GlossyBlack_Latex_UE4.uasset" 105
"../../../../../../college/Proj/error test/Swap Final/College_Projectnewwww/College_Project/Content/StoryAdvTemplate/Materials/Mannequin/ML_Plastic_Shiny_Beige.uasset" 106
"../../../../../../college/Proj/error test/Swap Final/College_Projectnewwww/College_Project/Content/StoryAdvTemplate/Materials/Mannequin/ML_Plastic_Shiny_Beige_LOGO.uasset" 107
"../../../../../../college/Proj/error test/Swap Final/College_Projectnewwww/College_Project/Content/StoryAdvTemplate/Textures/T_ML_Aluminum01.uasset" 108
"../../../../../../college/Proj/error test/Swap Final/College_Projectnewwww/College_Project/Content/StoryAdvTemplate/Textures/T_ML_Aluminum01_N.uasset" 109
"../../../../../../college/Proj/error test/Swap Final/College_Projectnewwww/College_Project/Content/StoryAdvTemplate/Materials/Mannequin/ML_SoftMetal_UE4.uasset" 110
"../../../../../../college/Proj/error test/Swap Final/College_Projectnewwww/College_Project/Content/StoryAdvTemplate/Textures/UE4_Mannequin__normals.uasset" 111
"../../../../../../college/Proj/error test/Swap Final/College_Projectnewwww/College_Project/Content/StoryAdvTemplate/Textures/UE4_Mannequin_MAT_MASKA.uasset" 112
"../../../../../../college/Proj/error test/Swap Final/College_Projectnewwww/College_Project/Content/StoryAdvTemplate/Materials/Mannequin/M_UE4Man_Body.uasset" 113
"../../../../../../college/Proj/error test/Swap Final/College_Projectnewwww/College_Project/Content/StoryAdvTemplate/Mesh/Mannequin/SK_Mannequin_PhysicsAsset.uasset" 114
"../../../../../../college/Proj/error test/Swap Final/College_Projectnewwww/College_Project/Content/StoryAdvTemplate/Mesh/Mannequin/SK_Mannequin.uasset" 115
"../../../../../../college/Proj/error test/Swap Final/College_Projectnewwww/College_Project/Content/StoryAdvTemplate/Blueprints/BP_FirstPersonCharacter.uasset" 116
"../../../../../../college/Proj/error test/Swap Final/College_Projectnewwww/College_Project/Content/Ui/MainMenu/MainMenuGameMode.uasset" 117
"../../../../../../college/Proj/error test/Swap Final/College_Projectnewwww/College_Project/Content/Ui/MainMenuGameMode.uasset" 118
"../../../../../../college/Proj/error test/Swap Final/College_Projectnewwww/College_Project/Content/Ui/MainMenu/bg.uasset" 119
"../../../Engine/Content/Animation/DefaultAnimBoneCompressionSettings.uasset" 120
"../../../Engine/Content/Animation/DefaultAnimCurveCompressionSettings.uasset" 121
"../../../Engine/Content/Functions/Engine_MaterialFunctions01/Opacity/CameraDepthFade.uasset" 122
"../../../Engine/Content/EngineMaterials/T_Default_Material_Grid_M.uasset" 123
"../../../Engine/Content/EngineMaterials/T_Default_Material_Grid_N.uasset" 124
"../../../Engine/Content/EngineMaterials/WorldGridMaterial.uasset" 125
"../../../Engine/Content/ArtTools/RenderToTexture/Meshes/S_1_Unit_Plane.uasset" 126
"../../../Engine/Content/EngineMaterials/DefaultMaterial.uasset" 127
"../../../Engine/Content/BasicShapes/Cone.uasset" 128
"../../../Engine/Content/BasicShapes/Cylinder.uasset" 129
"../../../Engine/Content/BasicShapes/Sphere.uasset" 130
"../../../Engine/Content/EditorLandscapeResources/DataLayer.uasset" 131
"../../../Engine/Content/EditorMaterials/MAT_Groups_Toggle.uasset" 132
"../../../Engine/Content/EditorMaterials/MAT_Groups_Visibility.uasset" 133
"../../../Engine/Content/EditorMaterials/PreviewShadowIndicator.uasset" 134
"../../../Engine/Content/EditorMaterials/PreviewShadowIndicatorMaterial.uasset" 135
"../../../Engine/Content/EditorMaterials/MatineeGroups/MAT_ColorTrack.uasset" 136
"../../../Engine/Content/EditorMaterials/MatineeGroups/MAT_Groups_Anim.uasset" 137
"../../../Engine/Content/EditorMaterials/MatineeGroups/MAT_Groups_AudioMaster.uasset" 138
"../../../Engine/Content/EditorMaterials/MatineeGroups/MAT_Groups_Director.uasset" 139
"../../../Engine/Content/EditorMaterials/MatineeGroups/MAT_Groups_Event.uasset" 140
"../../../Engine/Content/EditorMaterials/MatineeGroups/MAT_Groups_Fade.uasset" 141
"../../../Engine/Content/EditorMaterials/MatineeGroups/MAT_Groups_Float.uasset" 142
"../../../Engine/Content/EditorMaterials/MatineeGroups/MAT_Groups_Move.uasset" 143
"../../../Engine/Content/EditorMaterials/MatineeGroups/MAT_Groups_Slomo.uasset" 144
"../../../Engine/Content/EditorMaterials/MatineeGroups/MAT_Groups_Sound.uasset" 145
"../../../Engine/Content/EditorMaterials/MatineeGroups/MAT_Groups_Vector.uasset" 146
"../../../Engine/Content/EditorMaterials/ParticleSystems/PSysThumbnail_NoImage.uasset" 147
"../../../Engine/Content/EditorMaterials/ParticleSystems/PSysThumbnail_OOD.uasset" 148
"../../../Engine/Content/EditorMaterials/Camera/CineMat.uasset" 149
"../../../Engine/Content/EditorMaterials/Camera/MI_CineMat_Rig.uasset" 150
"../../../Engine/Content/EditorMeshes/Camera/SM_CraneRig_Arm.uasset" 151
"../../../Engine/Content/EditorMeshes/Camera/SM_CraneRig_Base.uasset" 152
"../../../Engine/Content/EditorMeshes/Camera/SM_CraneRig_Body.uasset" 153
"../../../Engine/Content/EditorMeshes/Camera/SM_CraneRig_Mount.uasset" 154
"../../../Engine/Content/EditorMeshes/Camera/SM_RailRig_Mount.uasset" 155
"../../../Engine/Content/EditorMeshes/Camera/SM_RailRig_Track.uasset" 156
"../../../Engine/Content/EditorResources/BSPVertex.uasset" 157
"../../../Engine/Content/EditorResources/EmptyActor.uasset" 158
"../../../Engine/Content/EditorResources/S_Actor.uasset" 159
"../../../Engine/Content/EditorResources/S_Note.uasset" 160
"../../../Engine/Content/EditorResources/S_Solver.uasset" 161
"../../../Engine/Content/EditorResources/S_Trigger.uasset" 162
"../../../Engine/Content/EditorResources/AudioIcons/S_AudioComponent_AutoActivate.uasset" 163
"../../../Engine/Content/EditorResources/LightIcons/S_LightError.uasset" 164
"../../../Engine/Content/EditorResources/SequenceRecorder/Countdown.uasset" 165
"../../../Engine/Content/EditorResources/SequenceRecorder/RecordingIndicator.uasset" 166
"../../../Engine/Content/EditorSounds/Notifications/CompileFailed.uasset" 167
"../../../Engine/Content/EditorSounds/Notifications/CompileFailed_Cue.uasset" 168
"../../../Engine/Content/EditorSounds/Notifications/CompileSuccess.uasset" 169
"../../../Engine/Content/EditorSounds/Notifications/CompileStart_Cue.uasset" 170
"../../../Engine/Content/EditorSounds/Notifications/CompileSuccess_Cue.uasset" 171
"../../../Engine/Content/EngineDamageTypes/DmgTypeBP_Environmental.uasset" 172
"../../../Engine/Content/EngineDebugMaterials/DebugEditorMaterial.uasset" 173
"../../../Engine/Content/EngineDebugMaterials/DebugMeshMaterial.uasset" 174
"../../../Engine/Content/EngineDebugMaterials/M_SimpleUnlitTranslucent.uasset" 175
"../../../Engine/Content/Functions/Engine_MaterialFunctions02/Utility/CameraDirectionVector.uasset" 176
"../../../Engine/Content/EngineDebugMaterials/VolumeToRender.uasset" 177
"../../../Engine/Content/EngineDebugMaterials/M_VolumeRenderSphereTracePP.uasset" 178
"../../../Engine/Content/EngineDebugMaterials/WireframeMaterial.uasset" 179
"../../../Engine/Content/EngineFonts/Faces/DroidSansFallback.uasset" 180
"../../../Engine/Content/EngineFonts/Faces/RobotoBold.uasset" 181
"../../../Engine/Content/EngineFonts/Faces/RobotoBoldItalic.uasset" 182
"../../../Engine/Content/EngineFonts/Faces/RobotoItalic.uasset" 183
"../../../Engine/Content/EngineFonts/Faces/RobotoLight.uasset" 184
"../../../Engine/Content/EngineFonts/Faces/RobotoRegular.uasset" 185
"../../../Engine/Content/EngineFonts/Roboto.uasset" 186
"../../../Engine/Content/EngineMaterials/BaseFlattenDiffuseMap.uasset" 187
"../../../Engine/Content/EngineMaterials/BaseFlattenEmissiveMap.uasset" 188
"../../../Engine/Content/EngineMaterials/BaseFlattenGrayscaleMap.uasset" 189
"../../../Engine/Content/EngineMaterials/BaseFlattenNormalMap.uasset" 190
"../../../Engine/Content/EngineMaterials/BaseFlattenMaterial.uasset" 191
"../../../Engine/Content/EngineMaterials/BlueNoise.uasset" 192
"../../../Engine/Content/EngineMaterials/DefaultBloomKernel.uasset" 193
"../../../Engine/Content/EngineMaterials/DefaultBokeh.uasset" 194
"../../../Engine/Content/EngineMaterials/DefaultDiffuse.uasset" 195
"../../../Engine/Content/EngineMaterials/DefaultDeferredDecalMaterial.uasset" 196
"../../../Engine/Content/EngineMaterials/DefaultLightFunctionMaterial.uasset" 197
"../../../Engine/Content/EngineMaterials/DefaultPhysicalMaterial.uasset" 198
"../../../Engine/Content/Functions/Engine_MaterialFunctions02/Utility/BreakOutFloat2Components.uasset" 199
"../../../Engine/Content/EngineMaterials/DefaultPostProcessMaterial.uasset" 200
"../../../Engine/Content/EngineFonts/RobotoDistanceField.uasset" 201
"../../../Engine/Content/EngineMaterials/DefaultTextMaterialOpaque.uasset" 202
"../../../Engine/Content/EngineMaterials/DefaultWhiteGrid.uasset" 203
"../../../Engine/Content/EngineMaterials/DefaultWhiteGrid_Low.uasset" 204
"../../../Engine/Content/EngineMaterials/EmissiveMeshMaterial.uasset" 205
"../../../Engine/Content/EngineMaterials/GizmoMaterial.uasset" 206
"../../../Engine/Content/EngineMaterials/MiniFont.uasset" 207
"../../../Engine/Content/EngineMaterials/InvalidLightmapSettings.uasset" 208
"../../../Engine/Content/EngineMaterials/M_InvalidLightmapSettings.uasset" 209
"../../../Engine/Content/Functions/Engine_MaterialFunctions02/WorldPositionOffset/CameraOffset.uasset" 210
"../../../Engine/Content/EngineMaterials/PhAT_JointLimitMaterial.uasset" 211
"../../../Engine/Content/EngineMaterials/PreintegratedSkinBRDF.uasset" 212
"../../../Engine/Content/EngineMaterials/RemoveSurfaceMaterial.uasset" 213
"../../../Engine/Content/EngineMaterials/WeightMapPlaceholderTexture.uasset" 214
"../../../Engine/Content/EngineResources/WhiteSquareTexture.uasset" 215
"../../../Engine/Content/EngineMaterials/Widget3DPassThrough.uasset" 216
"../../../Engine/Content/EngineMaterials/Widget3DPassThrough_Masked.uasset" 217
"../../../Engine/Content/EngineMaterials/Widget3DPassThrough_Opaque.uasset" 218
"../../../Engine/Content/EngineMaterials/Widget3DPassThrough_Masked_OneSided.uasset" 219
"../../../Engine/Content/EngineMaterials/Widget3DPassThrough_Opaque_OneSided.uasset" 220
"../../../Engine/Content/EngineMaterials/Widget3DPassThrough_Translucent.uasset" 221
"../../../Engine/Content/EngineMaterials/Widget3DPassThrough_Translucent_OneSided.uasset" 222
"../../../Engine/Content/EngineMeshes/Cylinder.uasset" 223
"../../../Engine/Content/EngineMeshes/Sphere.uasset" 224
"../../../Engine/Content/EngineResources/Black.uasset" 225
"../../../Engine/Content/EngineResources/DefaultTexture.uasset" 226
"../../../Engine/Content/EngineResources/DefaultTextureCube.uasset" 227
"../../../Engine/Content/EngineResources/DefaultVolumeTexture2D.uasset" 228
"../../../Engine/Content/EngineResources/DefaultVolumeTexture.uasset" 229
"../../../Engine/Content/EngineResources/GradientTexture0.uasset" 230
"../../../Engine/Content/EngineSounds/Master.uasset" 231
"../../../Engine/Content/Functions/Engine_MaterialFunctions01/Shading/ConvertFromDiffSpec.uasset" 232
"../../../Engine/Content/Functions/Engine_MaterialFunctions01/Shading/PowerToRoughness.uasset" 233
"../../../Engine/Content/Maps/Templates/Thumbnails/Default.uasset" 234
"../../../Engine/Content/Maps/Templates/Thumbnails/TimeOfDay.uasset" 235
"../../../Engine/Content/Maps/Templates/Thumbnails/VR-Basic.uasset" 236
"../../../Engine/Content/MobileResources/T_MobileControls_texture.uasset" 237
"../../../Engine/Content/MobileResources/T_MobileMenu2.uasset" 238
"../../../Engine/Content/MobileResources/HUD/AnalogHat.uasset" 239
"../../../Engine/Content/MobileResources/HUD/VirtualJoystick_Background.uasset" 240
"../../../Engine/Content/MobileResources/HUD/VirtualJoystick_Thumb.uasset" 241
"../../../Engine/Content/MobileResources/HUD/DefaultVirtualJoysticks.uasset" 242
"../../../Engine/Content/MobileResources/HUD/LeftVirtualJoystickOnly.uasset" 243
"../../../Engine/Content/MobileResources/HUD/MobileHUDButton1_off.uasset" 244
"../../../Engine/Content/MobileResources/HUD/MobileHUDButton1_on.uasset" 245
"../../../Engine/Content/MobileResources/HUD/MobileHUDButton2_off.uasset" 246
"../../../Engine/Content/MobileResources/HUD/MobileHUDButton2_on.uasset" 247
"../../../Engine/Content/MobileResources/HUD/MobileHUDButton3.uasset" 248
"../../../Engine/Content/MobileResources/HUD/MobileHUDButtonFire.uasset" 249
"../../../Engine/Content/MobileResources/HUD/MobileHUDDirectionPad.uasset" 250
"../../../Engine/Content/MobileResources/HUD/MobileHUDDirectionPad2.uasset" 251
"../../../Engine/Content/MobileResources/HUD/MobileHUDDirectionPad3.uasset" 252
"../../../Engine/Content/MobileResources/HUD/MobileHUDDirectionStick.uasset" 253
"../../../Engine/Content/MobileResources/HUD/T_Castle_ThumbstickInner.uasset" 254
"../../../Engine/Content/MobileResources/HUD/T_Castle_ThumbstickOutter.uasset" 255
"../../../Engine/Content/Tutorial/ContentIntroCurve.uasset" 256
"../../../Engine/Content/Tutorial/Basics/LevelEditorAttract.uasset" 257
"../../../Engine/Content/Tutorial/Basics/TutorialAssets/icon_tab_Levels_40x.uasset" 258
"../../../Engine/Content/Tutorial/Basics/LevelEditorOverview.uasset" 259
"../../../Engine/Content/VREditor/LaserPointer/VR_LaserPower_01.uasset" 260
"../../../Engine/Content/VREditor/TransformGizmo/TransformGizmoMaterial.uasset" 261
"../../../Engine/Content/VREditor/TransformGizmo/TranslucentTransformGizmoMaterial.uasset" 262
"../../../Engine/Content/VREditor/TransformGizmo/BoundingBoxCorner.uasset" 263
"../../../Engine/Content/VREditor/TransformGizmo/BoundingBoxEdge.uasset" 264
"../../../Engine/Content/VREditor/TransformGizmo/PlaneTranslationHandle.uasset" 265
"../../../Engine/Content/VREditor/TransformGizmo/Main.uasset" 266
"../../../Engine/Content/VREditor/TransformGizmo/Xray.uasset" 267
"../../../Engine/Content/VREditor/TransformGizmo/SM_Sequencer_Key.uasset" 268
"../../../Engine/Content/VREditor/TransformGizmo/SM_Sequencer_Node.uasset" 269
"../../Plugins/2D/Paper2D/Content/PlaceholderTextures/DummySpriteTexture.uasset" 270
"../../Plugins/2D/Paper2D/Content/DummySprite.uasset" 271
"../../Plugins/2D/Paper2D/Content/DefaultPaperTerrainMaterial.uasset" 272
"../../Plugins/2D/Paper2D/Content/DefaultSpriteMaterial.uasset" 273
"../../Plugins/2D/Paper2D/Content/MaskedUnlitSpriteMaterial.uasset" 274
"../../Plugins/2D/Paper2D/Content/OpaqueUnlitSpriteMaterial.uasset" 275
"../../Plugins/FX/Niagara/Content/Enums/ENiagaraBooleanLogicOps.uasset" 276
"../../Plugins/FX/Niagara/Content/Enums/ENiagaraCoordinateSpace.uasset" 277
"../../Plugins/FX/Niagara/Content/Enums/ENiagaraExpansionMode.uasset" 278
"../../Plugins/FX/Niagara/Content/Enums/ENiagaraOrientationAxis.uasset" 279
"../../Plugins/FX/Niagara/Content/Enums/ENiagaraRandomnessMode.uasset" 280
"../../../Engine/Content/Functions/Engine_MaterialFunctions02/Utility/BreakOutFloat4Components.uasset" 281
"../../../Engine/Content/Functions/Engine_MaterialFunctions02/Utility/MakeFloat2.uasset" 282
"../../../Engine/Content/Functions/Engine_MaterialFunctions02/Utility/MakeFloat3.uasset" 283
"../../Plugins/Runtime/Oculus/OculusVR/Content/Materials/OculusMR_ChromaKey.uasset" 284
"../../Plugins/Runtime/Oculus/OculusVR/Content/Materials/OculusMR_ChromaKey_Lit.uasset" 285
"../../Plugins/Runtime/Oculus/OculusVR/Content/Materials/OculusMR_OpaqueColoredMaterial.uasset" 286
"../../Plugins/Runtime/Oculus/OculusVR/Content/Materials/OculusMR_WhiteMaterial.uasset" 287
"../../../../../../college/Proj/error test/Swap Final/College_Projectnewwww/College_Project/Content/UltimateParkourSystem/Parkour_ParticleEffects/ParticleTransform/MaskInfluence_MatFunction.uasset" 288
"../../../../../../college/Proj/error test/Swap Final/College_Projectnewwww/College_Project/Content/UltimateParkourSystem/Parkour_ParticleEffects/ParticleTransform/Blast_Material.uasset" 289
"../../../Engine/Content/Functions/Engine_MaterialFunctions01/Gradient/SphereGradient-2D.uasset" 290
"../../../../../../college/Proj/error test/Swap Final/College_Projectnewwww/College_Project/Content/UltimateParkourSystem/Parkour_ParticleEffects/ParticleTransform/BlastDots_Material.uasset" 291
"../../../../../../college/Proj/error test/Swap Final/College_Projectnewwww/College_Project/Content/UltimateParkourSystem/Parkour_ParticleEffects/ParticleTransform/BlastTrail_SVF.uasset" 292
"../../../../../../college/Proj/error test/Swap Final/College_Projectnewwww/College_Project/Content/UltimateParkourSystem/Parkour_ParticleEffects/ParticleTransform/Blast_Part.uasset" 293
"../../../Engine/Content/Functions/Engine_MaterialFunctions03/Particles/Distance_Blend.uasset" 294
"../../../../../../college/Proj/error test/Swap Final/College_Projectnewwww/College_Project/Content/UltimateParkourSystem/Parkour_ParticleEffects/ParticleTransform/Dust_Text.uasset" 295
"../../../../../../college/Proj/error test/Swap Final/College_Projectnewwww/College_Project/Content/UltimateParkourSystem/Parkour_ParticleEffects/ParticleTransform/Nebula_Text.uasset" 296
"../../../../../../college/Proj/error test/Swap Final/College_Projectnewwww/College_Project/Content/UltimateParkourSystem/Parkour_ParticleEffects/ParticleTransform/Dust_Material.uasset" 297
"../../../../../../college/Proj/error test/Swap Final/College_Projectnewwww/College_Project/Content/UltimateParkourSystem/Parkour_ParticleEffects/ParticleTransform/Dust_Part.uasset" 298
"../../../../../../college/Proj/error test/Swap Final/College_Projectnewwww/College_Project/Content/UltimateParkourSystem/Parkour_ParticleEffects/ParticleTransform/TransformEffect_BP.uasset" 299
"../../../../../../college/Proj/error test/Swap Final/College_Projectnewwww/College_Project/Content/UltimateParkourSystem/Map_Overview/HudTutorial/Materials/Font_Material.uasset" 300
"../../../Engine/Content/VREditor/BasicMeshes/T_CleanFloorGrunge_01_D.uasset" 301
"../../../Engine/Content/VREditor/BasicMeshes/M_Floor_01.uasset" 302
"../../../Engine/Content/VREditor/BasicMeshes/MI_Cube_02.uasset" 303
"../../../../../../college/Proj/error test/Swap Final/College_Projectnewwww/College_Project/Content/UltimateParkourSystem/Map_Overview/HudTutorial/Audio/AudioIcon.uasset" 304
"../../../../../../college/Proj/error test/Swap Final/College_Projectnewwww/College_Project/Content/UltimateParkourSystem/Map_Overview/HudTutorial/Audio/AudioIcon_Cue.uasset" 305
"../../../../../../college/Proj/error test/Swap Final/College_Projectnewwww/College_Project/Content/UltimateParkourSystem/Map_Overview/HudTutorial/Textures/PulseRing_Texture.uasset" 306
"../../../../../../college/Proj/error test/Swap Final/College_Projectnewwww/College_Project/Content/UltimateParkourSystem/Map_Overview/HudTutorial/Materials/PulseRing_Material.uasset" 307
"../../../../../../college/Proj/error test/Swap Final/College_Projectnewwww/College_Project/Content/UltimateParkourSystem/Map_Overview/HudTutorial/Effects/PulseRing_Part.uasset" 308
"../../../../../../college/Proj/error test/Swap Final/College_Projectnewwww/College_Project/Content/UltimateParkourSystem/Map_Overview/HudTutorial/Meshes/ExclamationIcon.uasset" 309
"../../../Engine/Content/EngineVolumetrics/Fogsheet/Materials/T_EV_FogSheet_Falloff_02.uasset" 310
"../../../../../../college/Proj/error test/Swap Final/College_Projectnewwww/College_Project/Content/UltimateParkourSystem/Map_Overview/HudTutorial/Materials/BlackGlass_Material.uasset" 311
"../../../../../../college/Proj/error test/Swap Final/College_Projectnewwww/College_Project/Content/UltimateParkourSystem/Map_Overview/HudTutorial/Meshes/GlassBorderMesh.uasset" 312
"../../../../../../college/Proj/error test/Swap Final/College_Projectnewwww/College_Project/Content/UltimateParkourSystem/Map_Overview/HudTutorial/Meshes/GlassEdgeMesh.uasset" 313
"../../../../../../college/Proj/error test/Swap Final/College_Projectnewwww/College_Project/Content/UltimateParkourSystem/Map_Overview/HudTutorial/Meshes/GlassMesh.uasset" 314
"../../../../../../college/Proj/error test/Swap Final/College_Projectnewwww/College_Project/Content/UltimateParkourSystem/Map_Overview/HudTutorial/Meshes/TriangleIcon.uasset" 315
"../../../../../../college/Proj/error test/Swap Final/College_Projectnewwww/College_Project/Content/MYBlueprints/BoxComentary_BP.uasset" 316
"../../../Engine/Content/EngineSky/C_Sky_Cloud_Color.uasset" 317
"../../../Engine/Content/EngineSky/C_Sky_Horizon_Color.uasset" 318
"../../../Engine/Content/EngineSky/C_Sky_Zenith_Color.uasset" 319
"../../../Engine/Content/EngineSky/T_Sky_Blue.uasset" 320
"../../../Engine/Content/EngineSky/T_Sky_Clouds_M.uasset" 321
"../../../Engine/Content/EngineSky/T_Sky_Stars.uasset" 322
"../../../Engine/Content/EngineSky/M_Sky_Panning_Clouds2.uasset" 323
"../../../Engine/Content/EngineSky/SM_SkySphere.uasset" 324
"../../../Engine/Content/EngineSky/BP_Sky_Sphere.uasset" 325
"../../../../../../college/Proj/error test/Swap Final/College_Projectnewwww/College_Project/Content/MYBlueprints/SwitchLevelTrigger.uasset" 326
"../../../../../../college/Proj/error test/Swap Final/College_Projectnewwww/College_Project/Content/StoryAdvTemplate/Blueprints/BP_StoryAdventureGameMode.uasset" 327
"../../../../../../college/Proj/error test/Swap Final/College_Projectnewwww/College_Project/Content/StoryAdvTemplate/Sound/Waves/S_Close_Door_01.uasset" 328
"../../../../../../college/Proj/error test/Swap Final/College_Projectnewwww/College_Project/Content/StoryAdvTemplate/Sound/Cues/SC_CloseDoor.uasset" 329
"../../../../../../college/Proj/error test/Swap Final/College_Projectnewwww/College_Project/Content/StoryAdvTemplate/Sound/Waves/S_LockedDoor_01.uasset" 330
"../../../../../../college/Proj/error test/Swap Final/College_Projectnewwww/College_Project/Content/StoryAdvTemplate/Sound/Cues/SC_LockedDoor.uasset" 331
"../../../../../../college/Proj/error test/Swap Final/College_Projectnewwww/College_Project/Content/StoryAdvTemplate/Sound/Waves/S_Open_Door_01.uasset" 332
"../../../../../../college/Proj/error test/Swap Final/College_Projectnewwww/College_Project/Content/StoryAdvTemplate/Sound/Cues/SC_OpenDoor.uasset" 333
"../../../../../../college/Proj/error test/Swap Final/College_Projectnewwww/College_Project/Content/StoryAdvTemplate/Sound/Waves/S_Unlock_Door_01.uasset" 334
"../../../../../../college/Proj/error test/Swap Final/College_Projectnewwww/College_Project/Content/StoryAdvTemplate/Sound/Cues/SC_UnlockDoor.uasset" 335
"../../../../../../college/Proj/error test/Swap Final/College_Projectnewwww/College_Project/Content/StoryAdvTemplate/Blueprints/MasterBlueprints/Doors/BP_Master_DoubleSwingDoor.uasset" 336
"../../../../../../college/Proj/error test/Swap Final/College_Projectnewwww/College_Project/Content/StoryAdvTemplate/Blueprints/Examples/Doors/BP_ExampleDoubleSwingDoor.uasset" 337
"../../../../../../college/Proj/error test/Swap Final/College_Projectnewwww/College_Project/Content/StoryAdvTemplate/Blueprints/MasterBlueprints/Letters/BP_Master_ReadableLetter_Font.uasset" 338
"../../../../../../college/Proj/error test/Swap Final/College_Projectnewwww/College_Project/Content/StoryAdvTemplate/Blueprints/Examples/Letters/BP_ReadableLetter_Font_Example.uasset" 339
"../../../../../../college/Proj/error test/Swap Final/College_Projectnewwww/College_Project/Content/StoryAdvTemplate/Blueprints/MasterBlueprints/Inspection/BP_Master_CollectableObject_Inspect.uasset" 340
"../../../../../../college/Proj/error test/Swap Final/College_Projectnewwww/College_Project/Content/StoryAdvTemplate/Textures/T_Mug_M.uasset" 341
"../../../../../../college/Proj/error test/Swap Final/College_Projectnewwww/College_Project/Content/StoryAdvTemplate/Textures/T_Mug_N.uasset" 342
"../../../../../../college/Proj/error test/Swap Final/College_Projectnewwww/College_Project/Content/StoryAdvTemplate/Materials/M_Mug.uasset" 343
"../../../../../../college/Proj/error test/Swap Final/College_Projectnewwww/College_Project/Content/StoryAdvTemplate/Mesh/SM_Mug.uasset" 344
"../../../../../../college/Proj/error test/Swap Final/College_Projectnewwww/College_Project/Content/StoryAdvTemplate/Blueprints/Examples/Objects/BP_CollectableObject_Inspect.uasset" 345
"../../../../../../college/Proj/error test/Swap Final/College_Projectnewwww/College_Project/Content/StoryAdvTemplate/Blueprints/MasterBlueprints/Inspection/BP_Master_InspectableObject.uasset" 346
"../../../../../../college/Proj/error test/Swap Final/College_Projectnewwww/College_Project/Content/StoryAdvTemplate/Blueprints/Examples/Objects/BP_InspectableObject.uasset" 347
"../../../../../../college/Proj/error test/Swap Final/College_Projectnewwww/College_Project/Content/StoryAdvTemplate/Blueprints/Examples/Objects/BP_InteractableLamp.uasset" 348
"../../../../../../college/Proj/error test/Swap Final/College_Projectnewwww/College_Project/Content/StoryAdvTemplate/Blueprints/Examples/Trigger/BP_Checkpoint.uasset" 349
"../../../../../../college/Proj/error test/Swap Final/College_Projectnewwww/College_Project/Content/StoryAdvTemplate/Blueprints/Examples/Trigger/BP_LevelStreamingTrigger.uasset" 350
"../../../../../../college/Proj/error test/Swap Final/College_Projectnewwww/College_Project/Content/StoryAdvTemplate/Blueprints/Examples/UseActions/BP_UseAction_Key.uasset" 351
"../../../../../../college/Proj/error test/Swap Final/College_Projectnewwww/College_Project/Content/StoryAdvTemplate/DemoContent/Blueprints/BP_PDF_Documentation.uasset" 352
"../../../../../../college/Proj/error test/Swap Final/College_Projectnewwww/College_Project/Content/StoryAdvTemplate/DemoContent/Blueprints/BP_PDF_Documentation1.uasset" 353
"../../../../../../college/Proj/error test/Swap Final/College_Projectnewwww/College_Project/Content/StoryAdvTemplate/DemoContent/Blueprints/BP_PDF_Documentation2.uasset" 354
"../../../../../../college/Proj/error test/Swap Final/College_Projectnewwww/College_Project/Content/StoryAdvTemplate/DemoContent/Blueprints/BP_PDF_Documentation3.uasset" 355
"../../../../../../college/Proj/error test/Swap Final/College_Projectnewwww/College_Project/Content/StoryAdvTemplate/DemoContent/Blueprints/BP_PDF_Documentation4.uasset" 356
"../../../../../../college/Proj/error test/Swap Final/College_Projectnewwww/College_Project/Content/StoryAdvTemplate/DemoContent/Blueprints/BP_PDF_Documentation5.uasset" 357
"../../../../../../college/Proj/error test/Swap Final/College_Projectnewwww/College_Project/Content/StoryAdvTemplate/DemoContent/Blueprints/BP_PDF_Documentation6.uasset" 358
"../../../../../../college/Proj/error test/Swap Final/College_Projectnewwww/College_Project/Content/StoryAdvTemplate/DemoContent/Blueprints/BP_PDF_Documentation7.uasset" 359
"../../../../../../college/Proj/error test/Swap Final/College_Projectnewwww/College_Project/Content/TV/Footage_for_tv.uasset" 360
"../../../../../../college/Proj/error test/Swap Final/College_Projectnewwww/College_Project/Content/TV2/Footage_for_tv2.uasset" 361
"../../../../../../college/Proj/error test/Swap Final/College_Projectnewwww/College_Project/Content/Maps/Level_BuiltData.uasset" 362
"../../../Engine/Content/BasicShapes/BasicShapeMaterial.uasset" 363
"../../../../../../college/Proj/error test/Swap Final/College_Projectnewwww/College_Project/Content/downloads/238684.uasset" 364
"../../../../../../college/Proj/error test/Swap Final/College_Projectnewwww/College_Project/Content/downloads/238684_Mat.uasset" 365
"../../../../../../college/Proj/error test/Swap Final/College_Projectnewwww/College_Project/Content/RealLiquidX/M/MF_ColorCycler_4Way.uasset" 366
"../../../Engine/Content/EngineMaterials/Good64x64TilingNoiseHighFreq.uasset" 367
"../../../../../../college/Proj/error test/Swap Final/College_Projectnewwww/College_Project/Content/RealLiquidX/T/Shared/T_Bubbles.uasset" 368
"../../../../../../college/Proj/error test/Swap Final/College_Projectnewwww/College_Project/Content/RealLiquidX/M/M_LiquidX_Master.uasset" 369
"../../../../../../college/Proj/error test/Swap Final/College_Projectnewwww/College_Project/Content/StarterContent/Materials/M_Basic_Floor.uasset" 370
"../../../../../../college/Proj/error test/Swap Final/College_Projectnewwww/College_Project/Content/StarterContent/Textures/T_MacroVariation.uasset" 371
"../../../../../../college/Proj/error test/Swap Final/College_Projectnewwww/College_Project/Content/StarterContent/Materials/M_Metal_Brushed_Nickel.uasset" 372
"../../../../../../college/Proj/error test/Swap Final/College_Projectnewwww/College_Project/Content/StoryAdvTemplate/Materials/M_FloorMaterial.uasset" 373
"../../../../../../college/Proj/error test/Swap Final/College_Projectnewwww/College_Project/Content/The-Chemistry-of-Coloured-Glass.uasset" 374
"../../../../../../college/Proj/error test/Swap Final/College_Projectnewwww/College_Project/Content/The-Chemistry-of-Coloured-Glass_Mat.uasset" 375
"../../../../../../college/Proj/error test/Swap Final/College_Projectnewwww/College_Project/Content/TV/This_is_my_tv_player.uasset" 376
"../../../../../../college/Proj/error test/Swap Final/College_Projectnewwww/College_Project/Content/TV/This_is_my_tv_player_Video.uasset" 377
"../../../../../../college/Proj/error test/Swap Final/College_Projectnewwww/College_Project/Content/TV/This_is_my_tv_player_Video_Mat.uasset" 378
"../../../../../../college/Proj/error test/Swap Final/College_Projectnewwww/College_Project/Content/TV2/This_is_my_tv_player2.uasset" 379
"../../../../../../college/Proj/error test/Swap Final/College_Projectnewwww/College_Project/Content/TV2/This_is_my_tv_player_Video2.uasset" 380
"../../../../../../college/Proj/error test/Swap Final/College_Projectnewwww/College_Project/Content/TV2/This_is_my_tv_player_Video2_Mat.uasset" 381
"../../../../../../college/Proj/error test/Swap Final/College_Projectnewwww/College_Project/Content/RealLiquidX/M/MI_LiquidX_03.uasset" 382
"../../../../../../college/Proj/error test/Swap Final/College_Projectnewwww/College_Project/Content/StoryAdvTemplate/DemoContent/Materials/TutorialImages/DemoImage_Material_Master.uasset" 383
"../../../../../../college/Proj/error test/Swap Final/College_Projectnewwww/College_Project/Content/StoryAdvTemplate/DemoContent/Textures/TutorialImages/DI_GraphBG.uasset" 384
"../../../../../../college/Proj/error test/Swap Final/College_Projectnewwww/College_Project/Content/StoryAdvTemplate/DemoContent/Materials/TutorialImages/DI_M_04.uasset" 385
"../../../Engine/Content/Functions/Engine_MaterialFunctions02/Utility/MakeFloat4.uasset" 386
"../../../../../../college/Proj/error test/Swap Final/College_Projectnewwww/College_Project/Content/StoryAdvTemplate/Materials/PostProcessing/PP_ObjectOutline_Master.uasset" 387
"../../../../../../college/Proj/error test/Swap Final/College_Projectnewwww/College_Project/Content/StoryAdvTemplate/Materials/PostProcessing/PP_ObjectOutline.uasset" 388
"../../../Engine/Content/BasicShapes/Cube.uasset" 389
"../../../Engine/Content/BasicShapes/Plane.uasset" 390
"../../../Engine/Content/MapTemplates/SM_Template_Map_Floor.uasset" 391
"../../../../../../college/Proj/error test/Swap Final/College_Projectnewwww/College_Project/Content/PolygonCity/Textures/T_PolygonCity_Emissive_01.uasset" 392
"../../../../../../college/Proj/error test/Swap Final/College_Projectnewwww/College_Project/Content/PolygonCity/Textures/T_PolygonCity_Texture_01_A.uasset" 393
"../../../../../../college/Proj/error test/Swap Final/College_Projectnewwww/College_Project/Content/PolygonCity/Textures/T_PolygonCity_Texture_Metallic.uasset" 394
"../../../../../../college/Proj/error test/Swap Final/College_Projectnewwww/College_Project/Content/PolygonCity/Textures/T_PolygonCity_Texture_Normal_01.uasset" 395
"../../../../../../college/Proj/error test/Swap Final/College_Projectnewwww/College_Project/Content/PolygonCity/Textures/T_PolygonCity_Texture_Roughness.uasset" 396
"../../../../../../college/Proj/error test/Swap Final/College_Projectnewwww/College_Project/Content/PolygonCity/Materials/Mat_PolygonCity_Texture_01_A.uasset" 397
"../../../../../../college/Proj/error test/Swap Final/College_Projectnewwww/College_Project/Content/PolygonCity/Meshes/Environments/SM_Env_Fence_01.uasset" 398
"../../../../../../college/Proj/error test/Swap Final/College_Projectnewwww/College_Project/Content/PolygonCity/Meshes/Environments/SM_Env_Fence_End_01.uasset" 399
"../../../../../../college/Proj/error test/Swap Final/College_Projectnewwww/College_Project/Content/PolygonCity/Meshes/Environments/SM_Env_Flower_01.uasset" 400
"../../../../../../college/Proj/error test/Swap Final/College_Projectnewwww/College_Project/Content/PolygonCity/Meshes/Environments/SM_Env_Grass_01.uasset" 401
"../../../../../../college/Proj/error test/Swap Final/College_Projectnewwww/College_Project/Content/PolygonCity/Meshes/Environments/SM_Env_GrassPath_Corner_01.uasset" 402
"../../../../../../college/Proj/error test/Swap Final/College_Projectnewwww/College_Project/Content/PolygonCity/Meshes/Environments/SM_Env_GrassPath_Junction_01.uasset" 403
"../../../../../../college/Proj/error test/Swap Final/College_Projectnewwww/College_Project/Content/PolygonCity/Meshes/Environments/SM_Env_GrassPath_Straight_01.uasset" 404
"../../../../../../college/Proj/error test/Swap Final/College_Projectnewwww/College_Project/Content/PolygonCity/Meshes/Environments/SM_Env_GrassPath_T_01.uasset" 405
"../../../../../../college/Proj/error test/Swap Final/College_Projectnewwww/College_Project/Content/PolygonCity/Meshes/Environments/SM_Env_Tree_01.uasset" 406
"../../../../../../college/Proj/error test/Swap Final/College_Projectnewwww/College_Project/Content/PolygonCity/Meshes/Environments/SM_Env_Tree_03.uasset" 407
"../../../../../../college/Proj/error test/Swap Final/College_Projectnewwww/College_Project/Content/PolygonCity/Meshes/Props/SM_Prop_Couch_01.uasset" 408
"../../../../../../college/Proj/error test/Swap Final/College_Projectnewwww/College_Project/Content/PolygonCity/Meshes/Props/SM_Prop_Planter_02.uasset" 409
"../../../../../../college/Proj/error test/Swap Final/College_Projectnewwww/College_Project/Content/PolygonCity/Meshes/Props/SM_Prop_PlanterWindow_01.uasset" 410
"../../../../../../college/Proj/error test/Swap Final/College_Projectnewwww/College_Project/Content/PolygonCity/Meshes/Props/SM_Prop_PlanterWindow_02.uasset" 411
"../../../../../../college/Proj/error test/Swap Final/College_Projectnewwww/College_Project/Content/PolygonCity/Meshes/Props/SM_Prop_ShopInterior_Shelf_02.uasset" 412
"../../../../../../college/Proj/error test/Swap Final/College_Projectnewwww/College_Project/Content/PolygonCity/Meshes/Props/SM_Prop_ShopInterior_Shelf_03.uasset" 413
"../../../../../../college/Proj/error test/Swap Final/College_Projectnewwww/College_Project/Content/PolygonCity/Meshes/Props/SM_Prop_Sign_Parking_01.uasset" 414
"../../../../../../college/Proj/error test/Swap Final/College_Projectnewwww/College_Project/Content/PolygonTown/Textures/Misc/T_PolygonTown_Emissive_01.uasset" 415
"../../../../../../college/Proj/error test/Swap Final/College_Projectnewwww/College_Project/Content/PolygonTown/Textures/Misc/T_PolygonTown_Metallic.uasset" 416
"../../../../../../college/Proj/error test/Swap Final/College_Projectnewwww/College_Project/Content/PolygonTown/Textures/Misc/T_PolygonTown_Normal_A.uasset" 417
"../../../../../../college/Proj/error test/Swap Final/College_Projectnewwww/College_Project/Content/PolygonTown/Textures/Misc/T_PolygonTown_Roughness.uasset" 418
"../../../../../../college/Proj/error test/Swap Final/College_Projectnewwww/College_Project/Content/PolygonTown/Textures/T_PolygonTown_01_A.uasset" 419
"../../../../../../college/Proj/error test/Swap Final/College_Projectnewwww/College_Project/Content/PolygonTown/Materials/Mat_PolygonTown_01_A.uasset" 420
"../../../../../../college/Proj/error test/Swap Final/College_Projectnewwww/College_Project/Content/PolygonTown/Meshes/Buildings/SM_Bld_House_Deck_Roof_01.uasset" 421
"../../../../../../college/Proj/error test/Swap Final/College_Projectnewwww/College_Project/Content/PolygonTown/Materials/Misc/Mat_PolygonTown_Glass.uasset" 422
"../../../../../../college/Proj/error test/Swap Final/College_Projectnewwww/College_Project/Content/PolygonTown/Meshes/Buildings/SM_Bld_Skylight_03.uasset" 423
"../../../../../../college/Proj/error test/Swap Final/College_Projectnewwww/College_Project/Content/PolygonTown/Meshes/Environment/SM_Env_Concrete_Base_01.uasset" 424
"../../../../../../college/Proj/error test/Swap Final/College_Projectnewwww/College_Project/Content/PolygonTown/Meshes/Environment/SM_Env_Fence_Wood_Post_01.uasset" 425
"../../../../../../college/Proj/error test/Swap Final/College_Projectnewwww/College_Project/Content/PolygonTown/Meshes/Environment/SM_Env_FlowerPatch_02.uasset" 426
"../../../../../../college/Proj/error test/Swap Final/College_Projectnewwww/College_Project/Content/PolygonTown/Meshes/Environment/SM_Env_FlowerPatch_03.uasset" 427
"../../../../../../college/Proj/error test/Swap Final/College_Projectnewwww/College_Project/Content/PolygonTown/Meshes/Environment/SM_Env_Grass_Edge_03.uasset" 428
"../../../../../../college/Proj/error test/Swap Final/College_Projectnewwww/College_Project/Content/PolygonTown/Meshes/Environment/SM_Env_Grass_Patch_02.uasset" 429
"../../../../../../college/Proj/error test/Swap Final/College_Projectnewwww/College_Project/Content/PolygonTown/Meshes/Environment/SM_Env_Grass_Patch_04.uasset" 430
"../../../../../../college/Proj/error test/Swap Final/College_Projectnewwww/College_Project/Content/PolygonTown/Meshes/Environment/SM_Env_Hedge_01.uasset" 431
"../../../../../../college/Proj/error test/Swap Final/College_Projectnewwww/College_Project/Content/PolygonTown/Meshes/Environment/SM_Env_Hedge_02.uasset" 432
"../../../../../../college/Proj/error test/Swap Final/College_Projectnewwww/College_Project/Content/PolygonTown/Meshes/Environment/SM_Env_Plant_Cabbage_01.uasset" 433
"../../../../../../college/Proj/error test/Swap Final/College_Projectnewwww/College_Project/Content/PolygonTown/Meshes/Environment/SM_Env_Plant_Onion_01.uasset" 434
"../../../../../../college/Proj/error test/Swap Final/College_Projectnewwww/College_Project/Content/PolygonTown/Meshes/Environment/SM_Env_Plant_Tomato_01.uasset" 435
"../../../../../../college/Proj/error test/Swap Final/College_Projectnewwww/College_Project/Content/PolygonTown/Meshes/Environment/SM_Env_Plant_Vege_02.uasset" 436
"../../../../../../college/Proj/error test/Swap Final/College_Projectnewwww/College_Project/Content/PolygonTown/Meshes/Environment/SM_Env_Tree_Base_01.uasset" 437
"../../../../../../college/Proj/error test/Swap Final/College_Projectnewwww/College_Project/Content/PolygonTown/Meshes/Environment/SM_Env_Tree_Pine_01.uasset" 438
"../../../../../../college/Proj/error test/Swap Final/College_Projectnewwww/College_Project/Content/PolygonTown/Materials/Misc/Mat_Cloud.uasset" 439
"../../../../../../college/Proj/error test/Swap Final/College_Projectnewwww/College_Project/Content/PolygonTown/Meshes/Generic/SM_Generic_Cloud_03.uasset" 440
"../../../../../../college/Proj/error test/Swap Final/College_Projectnewwww/College_Project/Content/PolygonTown/Meshes/Generic/SM_Generic_Cloud_05.uasset" 441
"../../../../../../college/Proj/error test/Swap Final/College_Projectnewwww/College_Project/Content/PolygonTown/Meshes/Generic/SM_Generic_Ground_Tile_01.uasset" 442
"../../../../../../college/Proj/error test/Swap Final/College_Projectnewwww/College_Project/Content/PolygonTown/Meshes/Generic/SM_Generic_Small_Rocks_04.uasset" 443
"../../../../../../college/Proj/error test/Swap Final/College_Projectnewwww/College_Project/Content/PolygonTown/Meshes/Generic/SM_Generic_Tree_01.uasset" 444
"../../../../../../college/Proj/error test/Swap Final/College_Projectnewwww/College_Project/Content/PolygonTown/Meshes/Generic/SM_Generic_Tree_02.uasset" 445
"../../../../../../college/Proj/error test/Swap Final/College_Projectnewwww/College_Project/Content/PolygonTown/Meshes/Generic/SM_Generic_Tree_04.uasset" 446
"../../../../../../college/Proj/error test/Swap Final/College_Projectnewwww/College_Project/Content/PolygonTown/Meshes/Generic/SM_Generic_TreeDead_01.uasset" 447
"../../../../../../college/Proj/error test/Swap Final/College_Projectnewwww/College_Project/Content/PolygonTown/Meshes/Generic/SM_Gerneric_Grass_Patch_02.uasset" 448
"../../../../../../college/Proj/error test/Swap Final/College_Projectnewwww/College_Project/Content/PolygonTown/Meshes/Generic/SM_Gerneric_Grass_Patch_03.uasset" 449
"../../../../../../college/Proj/error test/Swap Final/College_Projectnewwww/College_Project/Content/PolygonTown/Meshes/Props/SM_Prop_Airvent_Flat_01.uasset" 450
"../../../../../../college/Proj/error test/Swap Final/College_Projectnewwww/College_Project/Content/PolygonTown/Meshes/Props/SM_Prop_Art_03.uasset" 451
"../../../../../../college/Proj/error test/Swap Final/College_Projectnewwww/College_Project/Content/PolygonTown/Meshes/Props/SM_Prop_Art_04.uasset" 452
"../../../../../../college/Proj/error test/Swap Final/College_Projectnewwww/College_Project/Content/PolygonTown/Meshes/Props/SM_Prop_Art_06.uasset" 453
"../../../../../../college/Proj/error test/Swap Final/College_Projectnewwww/College_Project/Content/PolygonTown/Meshes/Props/SM_Prop_Art_07.uasset" 454
"../../../../../../college/Proj/error test/Swap Final/College_Projectnewwww/College_Project/Content/PolygonTown/Meshes/Props/SM_Prop_Art_08.uasset" 455
"../../../../../../college/Proj/error test/Swap Final/College_Projectnewwww/College_Project/Content/PolygonTown/Meshes/Props/SM_Prop_Book_Group_02.uasset" 456
"../../../../../../college/Proj/error test/Swap Final/College_Projectnewwww/College_Project/Content/PolygonTown/Meshes/Props/SM_Prop_Book_Group_03.uasset" 457
"../../../../../../college/Proj/error test/Swap Final/College_Projectnewwww/College_Project/Content/PolygonTown/Meshes/Props/SM_Prop_Book_Group_04.uasset" 458
"../../../../../../college/Proj/error test/Swap Final/College_Projectnewwww/College_Project/Content/PolygonTown/Meshes/Props/SM_Prop_Book_Group_05.uasset" 459
"../../../../../../college/Proj/error test/Swap Final/College_Projectnewwww/College_Project/Content/PolygonTown/Meshes/Props/SM_Prop_Book_Group_06.uasset" 460
"../../../../../../college/Proj/error test/Swap Final/College_Projectnewwww/College_Project/Content/PolygonTown/Meshes/Props/SM_Prop_Book_Group_07.uasset" 461
"../../../../../../college/Proj/error test/Swap Final/College_Projectnewwww/College_Project/Content/PolygonTown/Meshes/Props/SM_Prop_Book_Group_08.uasset" 462
"../../../../../../college/Proj/error test/Swap Final/College_Projectnewwww/College_Project/Content/PolygonTown/Meshes/Props/SM_Prop_Book_Group_09.uasset" 463
"../../../../../../college/Proj/error test/Swap Final/College_Projectnewwww/College_Project/Content/PolygonTown/Meshes/Props/SM_Prop_BookOpen_01.uasset" 464
"../../../../../../college/Proj/error test/Swap Final/College_Projectnewwww/College_Project/Content/PolygonTown/Meshes/Props/SM_Prop_Bookshelf_01.uasset" 465
"../../../../../../college/Proj/error test/Swap Final/College_Projectnewwww/College_Project/Content/PolygonTown/Meshes/Props/SM_Prop_Bookshelf_02.uasset" 466
"../../../../../../college/Proj/error test/Swap Final/College_Projectnewwww/College_Project/Content/PolygonTown/Meshes/Props/SM_Prop_CardboardBox_01.uasset" 467
"../../../../../../college/Proj/error test/Swap Final/College_Projectnewwww/College_Project/Content/PolygonTown/Meshes/Props/SM_Prop_CeilingExit_01.uasset" 468
"../../../../../../college/Proj/error test/Swap Final/College_Projectnewwww/College_Project/Content/PolygonTown/Meshes/Props/SM_Prop_Chair_01.uasset" 469
"../../../../../../college/Proj/error test/Swap Final/College_Projectnewwww/College_Project/Content/PolygonTown/Meshes/Props/SM_Prop_Couch_01.uasset" 470
"../../../../../../college/Proj/error test/Swap Final/College_Projectnewwww/College_Project/Content/PolygonTown/Meshes/Props/SM_Prop_Couch_07.uasset" 471
"../../../../../../college/Proj/error test/Swap Final/College_Projectnewwww/College_Project/Content/PolygonTown/Meshes/Props/SM_Prop_Desk_01.uasset" 472
"../../../../../../college/Proj/error test/Swap Final/College_Projectnewwww/College_Project/Content/PolygonTown/Meshes/Props/SM_Prop_ForSaleSign_01.uasset" 473
"../../../../../../college/Proj/error test/Swap Final/College_Projectnewwww/College_Project/Content/PolygonTown/Meshes/Props/SM_Prop_Globe_01.uasset" 474
"../../../../../../college/Proj/error test/Swap Final/College_Projectnewwww/College_Project/Content/PolygonTown/Meshes/Props/SM_Prop_PotPlant_01.uasset" 475
"../../../../../../college/Proj/error test/Swap Final/College_Projectnewwww/College_Project/Content/PolygonTown/Meshes/Props/SM_Prop_PotPlant_Hanging_01.uasset" 476
"../../../../../../college/Proj/error test/Swap Final/College_Projectnewwww/College_Project/Content/PolygonTown/Meshes/Props/SM_Prop_StreetSign_Arrow_01.uasset" 477
"../../../../../../college/Proj/error test/Swap Final/College_Projectnewwww/College_Project/Content/PolygonTown/Meshes/Props/SM_Prop_Workbench_01.uasset" 478
"../../../Engine/Content/Functions/Engine_MaterialFunctions03/Procedurals/NormalFromHeightmap.uasset" 479
"../../../../../../college/Proj/error test/Swap Final/College_Projectnewwww/College_Project/Content/RealLiquidX/T/T_CorkNoise.uasset" 480
"../../../../../../college/Proj/error test/Swap Final/College_Projectnewwww/College_Project/Content/RealLiquidX/M/Asset/M_Cork.uasset" 481
"../../../../../../college/Proj/error test/Swap Final/College_Projectnewwww/College_Project/Content/RealLiquidX/T/Shared/T_GlassNormal.uasset" 482
"../../../../../../college/Proj/error test/Swap Final/College_Projectnewwww/College_Project/Content/RealLiquidX/M/Asset/M_Glass.uasset" 483
"../../../../../../college/Proj/error test/Swap Final/College_Projectnewwww/College_Project/Content/RealLiquidX/M/MI_LiquidX_01.uasset" 484
"../../../../../../college/Proj/error test/Swap Final/College_Projectnewwww/College_Project/Content/RealLiquidX/S/S_Flask.uasset" 485
"../../../../../../college/Proj/error test/Swap Final/College_Projectnewwww/College_Project/Content/RealLiquidX/M/Asset/M_BrassCap.uasset" 486
"../../../../../../college/Proj/error test/Swap Final/College_Projectnewwww/College_Project/Content/RealLiquidX/M/Asset/M_CrystalGlow.uasset" 487
"../../../../../../college/Proj/error test/Swap Final/College_Projectnewwww/College_Project/Content/RealLiquidX/M/MI_LiquidX_02.uasset" 488
"../../../../../../college/Proj/error test/Swap Final/College_Projectnewwww/College_Project/Content/RealLiquidX/S/S_Tube.uasset" 489
"../../../../../../college/Proj/error test/Swap Final/College_Projectnewwww/College_Project/Content/StoryAdvTemplate/Mesh/SM_Cube.uasset" 490
"../../../../../../college/Proj/error test/Swap Final/College_Projectnewwww/College_Project/Content/StoryAdvTemplate/Materials/M_Key.uasset" 491
"../../../../../../college/Proj/error test/Swap Final/College_Projectnewwww/College_Project/Content/StoryAdvTemplate/Mesh/SM_Key.uasset" 492
"../../../../../../college/Proj/error test/Swap Final/College_Projectnewwww/College_Project/Content/StoryAdvTemplate/Textures/T_InvIcon_Cube.uasset" 493
"../../../../../../college/Proj/error test/Swap Final/College_Projectnewwww/College_Project/Content/StoryAdvTemplate/Textures/T_InvIcon_key.uasset" 494
"../../../../../../college/Proj/error test/Swap Final/College_Projectnewwww/College_Project/Content/StoryAdvTemplate/Textures/T_InvIcon_Lamp.uasset" 495
"../../../../../../college/Proj/error test/Swap Final/College_Projectnewwww/College_Project/Content/StoryAdvTemplate/Textures/T_InvIcon_Mug.uasset" 496
"../../../../../../college/Proj/error test/Swap Final/College_Projectnewwww/College_Project/Content/Maps/Level.umap" 497
"../../../../../../college/Proj/error test/Swap Final/College_Projectnewwww/College_Project/Content/Ui/MainMenu/MenuVideo.uasset" 498
"../../../../../../college/Proj/error test/Swap Final/College_Projectnewwww/College_Project/Content/Maps/MainMenu.umap" 499
"../../../../../../college/Proj/error test/Swap Final/College_Projectnewwww/College_Project/Content/Blueprints/Progressor.uasset" 500
"../../../../../../college/Proj/error test/Swap Final/College_Projectnewwww/College_Project/Content/StarterContent/Materials/M_Metal_Chrome.uasset" 501
"../../../../../../college/Proj/error test/Swap Final/College_Projectnewwww/College_Project/Content/Models/Blade/Blade_Cylinder.uasset" 502
"../../../../../../college/Proj/error test/Swap Final/College_Projectnewwww/College_Project/Content/StarterContent/Materials/M_Basic_Wall.uasset" 503
"../../../../../../college/Proj/error test/Swap Final/College_Projectnewwww/College_Project/Content/StarterContent/Shapes/Shape_Cube.uasset" 504
"../../../../../../college/Proj/error test/Swap Final/College_Projectnewwww/College_Project/Content/Blueprints/Blade.uasset" 505
"../../../../../../college/Proj/error test/Swap Final/College_Projectnewwww/College_Project/Content/StarterContent/Textures/T_Brick_Clay_New_D.uasset" 506
"../../../../../../college/Proj/error test/Swap Final/College_Projectnewwww/College_Project/Content/StarterContent/Textures/T_Brick_Clay_New_M.uasset" 507
"../../../../../../college/Proj/error test/Swap Final/College_Projectnewwww/College_Project/Content/StarterContent/Textures/T_Brick_Clay_New_N.uasset" 508
"../../../../../../college/Proj/error test/Swap Final/College_Projectnewwww/College_Project/Content/StarterContent/Textures/T_Detail_Rocky_N.uasset" 509
"../../../../../../college/Proj/error test/Swap Final/College_Projectnewwww/College_Project/Content/StarterContent/Materials/M_Brick_Clay_New.uasset" 510
"../../../../../../college/Proj/error test/Swap Final/College_Projectnewwww/College_Project/Content/StarterContent/Textures/T_Statue_M.uasset" 511
"../../../../../../college/Proj/error test/Swap Final/College_Projectnewwww/College_Project/Content/StarterContent/Textures/T_Statue_N.uasset" 512
"../../../../../../college/Proj/error test/Swap Final/College_Projectnewwww/College_Project/Content/StarterContent/Props/Materials/M_StatueGlass.uasset" 513
"../../../../../../college/Proj/error test/Swap Final/College_Projectnewwww/College_Project/Content/Models/Follower/Base.uasset" 514
"../../../../../../college/Proj/error test/Swap Final/College_Projectnewwww/College_Project/Content/Models/Follower/Orb.uasset" 515
"../../../../../../college/Proj/error test/Swap Final/College_Projectnewwww/College_Project/Content/Models/Follower/Follower.uasset" 516
"../../../../../../college/Proj/error test/Swap Final/College_Projectnewwww/College_Project/Content/Blueprints/Follower.uasset" 517
"../../../../../../college/Proj/error test/Swap Final/College_Projectnewwww/College_Project/Content/Models/Player/Player_Cylinder_003.uasset" 518
"../../../../../../college/Proj/error test/Swap Final/College_Projectnewwww/College_Project/Content/Blueprints/Player.uasset" 519
"../../../../../../college/Proj/error test/Swap Final/College_Projectnewwww/College_Project/Content/StarterContent/Textures/T_Metal_Gold_D.uasset" 520
"../../../../../../college/Proj/error test/Swap Final/College_Projectnewwww/College_Project/Content/StarterContent/Textures/T_Metal_Gold_N.uasset" 521
"../../../../../../college/Proj/error test/Swap Final/College_Projectnewwww/College_Project/Content/StarterContent/Materials/M_Metal_Gold.uasset" 522
"../../../../../../college/Proj/error test/Swap Final/College_Projectnewwww/College_Project/Content/Blueprints/EndGoal.uasset" 523
"../../../../../../college/Proj/error test/Swap Final/College_Projectnewwww/College_Project/Content/Blueprints/MyGameMode.uasset" 524
"../../../../../../college/Proj/error test/Swap Final/College_Projectnewwww/College_Project/Content/Maps/puzz1_BuiltData.uasset" 525
"../../../../../../college/Proj/error test/Swap Final/College_Projectnewwww/College_Project/Content/StarterContent/Textures/T_CobbleStone_Smooth_D.uasset" 526
"../../../../../../college/Proj/error test/Swap Final/College_Projectnewwww/College_Project/Content/StarterContent/Textures/T_CobbleStone_Smooth_M.uasset" 527
"../../../../../../college/Proj/error test/Swap Final/College_Projectnewwww/College_Project/Content/StarterContent/Textures/T_CobbleStone_Smooth_N.uasset" 528
"../../../../../../college/Proj/error test/Swap Final/College_Projectnewwww/College_Project/Content/StarterContent/Textures/T_Gradinet_01.uasset" 529
"../../../../../../college/Proj/error test/Swap Final/College_Projectnewwww/College_Project/Content/StarterContent/Textures/T_Rock_Smooth_Granite_D.uasset" 530
"../../../../../../college/Proj/error test/Swap Final/College_Projectnewwww/College_Project/Content/StarterContent/Materials/M_CobbleStone_Smooth.uasset" 531
"../../../../../../college/Proj/error test/Swap Final/College_Projectnewwww/College_Project/Content/StoryAdvTemplate/UserInterface/Menu/PauseMenu.uasset" 532
"../../../../../../college/Proj/error test/Swap Final/College_Projectnewwww/College_Project/Content/Maps/puzz1.umap" 533
"../../../../../../college/Proj/error test/Swap Final/College_Projectnewwww/College_Project/Content/Mannequin/Character/Mesh/UE4_Mannequin_Skeleton.uasset" 534
"../../../../../../college/Proj/error test/Swap Final/College_Projectnewwww/College_Project/Content/Mannequin/Animations/ThirdPerson_Jump.uasset" 535
"../../../../../../college/Proj/error test/Swap Final/College_Projectnewwww/College_Project/Content/Mannequin/Animations/ThirdPersonJump_Loop.uasset" 536
"../../../../../../college/Proj/error test/Swap Final/College_Projectnewwww/College_Project/Content/Mannequin/Animations/ThirdPersonJump_Start.uasset" 537
"../../../../../../college/Proj/error test/Swap Final/College_Projectnewwww/College_Project/Content/Mannequin/Animations/ThirdPersonIdle.uasset" 538
"../../../../../../college/Proj/error test/Swap Final/College_Projectnewwww/College_Project/Content/Mannequin/Animations/ThirdPersonRun.uasset" 539
"../../../../../../college/Proj/error test/Swap Final/College_Projectnewwww/College_Project/Content/Mannequin/Animations/ThirdPersonWalk.uasset" 540
"../../../../../../college/Proj/error test/Swap Final/College_Projectnewwww/College_Project/Content/Mannequin/Animations/ThirdPerson_IdleRun_2D.uasset" 541
"../../../../../../college/Proj/error test/Swap Final/College_Projectnewwww/College_Project/Content/Mannequin/Animations/ThirdPerson_AnimBP.uasset" 542
"../../../../../../college/Proj/error test/Swap Final/College_Projectnewwww/College_Project/Content/puzzle/ThirdPersonBP/Materials/M_Character.uasset" 543
"../../../../../../college/Proj/error test/Swap Final/College_Projectnewwww/College_Project/Content/puzzle/ThirdPersonBP/Mesh/Player.uasset" 544
"../../../../../../college/Proj/error test/Swap Final/College_Projectnewwww/College_Project/Content/puzzle/ThirdPersonBP/PlayerCtrl.uasset" 545
"../../../../../../college/Proj/error test/Swap Final/College_Projectnewwww/College_Project/Content/puzzle/ThirdPersonBP/Audio/13_-_Explosion.uasset" 546
"../../../../../../college/Proj/error test/Swap Final/College_Projectnewwww/College_Project/Content/puzzle/ThirdPersonBP/Audio/13_-_Explosion_Cue.uasset" 547
"../../../../../../college/Proj/error test/Swap Final/College_Projectnewwww/College_Project/Content/puzzle/ThirdPersonBP/Blueprints/PlayerExpl.uasset" 548
"../../../../../../college/Proj/error test/Swap Final/College_Projectnewwww/College_Project/Content/puzzle/ThirdPersonBP/Materials/M_Complete.uasset" 549
"../../../../../../college/Proj/error test/Swap Final/College_Projectnewwww/College_Project/Content/puzzle/ThirdPersonBP/Materials/M_isOff.uasset" 550
"../../../../../../college/Proj/error test/Swap Final/College_Projectnewwww/College_Project/Content/puzzle/ThirdPersonBP/Materials/M_isOn.uasset" 551
"../../../../../../college/Proj/error test/Swap Final/College_Projectnewwww/College_Project/Content/puzzle/ThirdPersonBP/Audio/25_-_1up.uasset" 552
"../../../../../../college/Proj/error test/Swap Final/College_Projectnewwww/College_Project/Content/puzzle/ThirdPersonBP/Audio/25_-_1up_Cue.uasset" 553
"../../../../../../college/Proj/error test/Swap Final/College_Projectnewwww/College_Project/Content/puzzle/ThirdPersonBP/Materials/M_Idle.uasset" 554
"../../../../../../college/Proj/error test/Swap Final/College_Projectnewwww/College_Project/Content/puzzle/ThirdPersonBP/Mesh/Tile.uasset" 555
"../../../../../../college/Proj/error test/Swap Final/College_Projectnewwww/College_Project/Content/puzzle/ThirdPersonBP/Mesh_Tiles.uasset" 556
"../../../../../../college/Proj/error test/Swap Final/College_Projectnewwww/College_Project/Content/puzzle/ThirdPersonBP/Mesh/Collision.uasset" 557
"../../../../../../college/Proj/error test/Swap Final/College_Projectnewwww/College_Project/Content/puzzle/ThirdPersonBP/Materials/EBase.uasset" 558
"../../../../../../college/Proj/error test/Swap Final/College_Projectnewwww/College_Project/Content/puzzle/ThirdPersonBP/Materials/ERed.uasset" 559
"../../../../../../college/Proj/error test/Swap Final/College_Projectnewwww/College_Project/Content/puzzle/ThirdPersonBP/Obstacle.uasset" 560
"../../../Engine/Content/Functions/Engine_MaterialFunctions02/Math/AddComponents.uasset" 561
"../../../../../../college/Proj/error test/Swap Final/College_Projectnewwww/College_Project/Content/puzzle/ThirdPersonBP/Materials/ShellShading.uasset" 562
"../../../../../../college/Proj/error test/Swap Final/College_Projectnewwww/College_Project/Content/puzzle/ThirdPersonBP/Materials/M_Shellshading.uasset" 563
"../../../../../../college/Proj/error test/Swap Final/College_Projectnewwww/College_Project/Content/puzzle/ThirdPersonBP/UI/Loading_Screen.uasset" 564
"../../../../../../college/Proj/error test/Swap Final/College_Projectnewwww/College_Project/Content/puzzle/ThirdPersonBP/UI/Mplayer.uasset" 565
"../../../../../../college/Proj/error test/Swap Final/College_Projectnewwww/College_Project/Content/puzzle/ThirdPersonBP/UI/Mplayer_Video.uasset" 566
"../../../../../../college/Proj/error test/Swap Final/College_Projectnewwww/College_Project/Content/puzzle/ThirdPersonBP/UI/UI_Loading_Screen.uasset" 567
"../../../../../../college/Proj/error test/Swap Final/College_Projectnewwww/College_Project/Content/puzzle/ThirdPersonBP/Maps/Level_1.umap" 568
"../../../../../../college/Proj/error test/Swap Final/College_Projectnewwww/College_Project/Content/puzzle/ThirdPersonBP/Maps/Level_2.umap" 569
"../../../../../../college/Proj/error test/Swap Final/College_Projectnewwww/College_Project/Content/puzzle/ThirdPersonBP/Maps/Level_3_BuiltData.uasset" 570
"../../../../../../college/Proj/error test/Swap Final/College_Projectnewwww/College_Project/Content/puzzle/ThirdPersonBP/Maps/Level_3.umap" 571
"../../../../../../college/Proj/error test/Swap Final/College_Projectnewwww/College_Project/Content/puzzle/ThirdPersonBP/Maps/Level_4.umap" 572
"../../../../../../college/Proj/error test/Swap Final/College_Projectnewwww/College_Project/Content/puzzle/ThirdPersonBP/Maps/Level_5_BuiltData.uasset" 573
"../../../../../../college/Proj/error test/Swap Final/College_Projectnewwww/College_Project/Content/puzzle/ThirdPersonBP/Maps/Level_5.umap" 574
"../../../../../../college/Proj/error test/Swap Final/College_Projectnewwww/College_Project/Content/puzzle/ThirdPersonBP/Maps/Level_6_BuiltData.uasset" 575
"../../../../../../college/Proj/error test/Swap Final/College_Projectnewwww/College_Project/Content/puzzle/ThirdPersonBP/Maps/Level_6.umap" 576
"../../../../../../college/Proj/error test/Swap Final/College_Projectnewwww/College_Project/Content/StoryAdvTemplate/Maps/MenuScene_BuiltData.uasset" 577
"../../../../../../college/Proj/error test/Swap Final/College_Projectnewwww/College_Project/Content/StoryAdvTemplate/Maps/MenuScene.umap" 578
"../../../../../../college/Proj/error test/Swap Final/College_Projectnewwww/College_Project/Content/StoryAdvTemplate/Maps/Sublevels/Example_Sublevel_A_BuiltData.uasset" 579
"../../../../../../college/Proj/error test/Swap Final/College_Projectnewwww/College_Project/Content/StoryAdvTemplate/Maps/Sublevels/Example_Sublevel_A.umap" 580
"../../../../../../college/Proj/error test/Swap Final/College_Projectnewwww/College_Project/Content/StoryAdvTemplate/Maps/Sublevels/Example_Sublevel_B_BuiltData.uasset" 581
"../../../../../../college/Proj/error test/Swap Final/College_Projectnewwww/College_Project/Content/StoryAdvTemplate/Maps/Sublevels/Example_Sublevel_B.umap" 582
"../../../../../../college/Proj/error test/Swap Final/College_Projectnewwww/College_Project/Content/StoryAdvTemplate/Maps/Sublevels/Example_Sublevel_C_BuiltData.uasset" 583
"../../../../../../college/Proj/error test/Swap Final/College_Projectnewwww/College_Project/Content/StoryAdvTemplate/Maps/Sublevels/Example_Sublevel_C.umap" 584
"../../../Engine/Content/Maps/Entry_BuiltData.uasset" 585
"../../../Engine/Content/Maps/Entry.umap" 586
